[main] INFO essplAutomation - ------Opening Browser------
[main] INFO essplAutomation - ------Opening URL------
[main] INFO essplAutomation - ------Credential provided------
[main] INFO essplAutomation - ------Login------
[main] INFO essplAutomation - ------Customer dashboard page------
[main] INFO essplAutomation - ------Customer Add New page------
[main] INFO essplAutomation - ------Customer Details page------
[main] INFO essplAutomation - ------Confirmation page------
[main] INFO essplAutomation - ------Logout page------
[main] INFO essplAutomation - ------Opening Browser------
[main] INFO essplAutomation - ------Opening URL------
[main] INFO essplAutomation - ------Credential provided------
[main] INFO essplAutomation - ------Login------
[main] INFO essplAutomation - ------Customer dashboard page------
[main] INFO essplAutomation - ------Provide email for search------
[main] INFO essplAutomation - ------Search Customer------
[main] INFO essplAutomation - ------Opening Browser------
[main] INFO essplAutomation - ------Opening URL------
[main] INFO essplAutomation - ------Credential provided------
[main] INFO essplAutomation - ------Login------
[main] INFO essplAutomation - ------Customer dashboard page------
[main] INFO essplAutomation - ------Customer Add New page------
[main] INFO essplAutomation - ------Customer Details page------
[main] INFO essplAutomation - ------Confirmation page------
[main] INFO essplAutomation - ------Logout page------
[main] INFO essplAutomation - ------Opening Browser------
[main] INFO essplAutomation - ------Opening URL------
[main] INFO essplAutomation - ------Credential provided------
[main] INFO essplAutomation - ------Login------
[main] INFO essplAutomation - ------Customer dashboard page------
[main] INFO essplAutomation - ------Provide email for search------
[main] INFO essplAutomation - ------Search Customer------
[main] INFO essplAutomation - ------Opening Browser------
[main] INFO essplAutomation - ------Opening URL------
[main] INFO essplAutomation - ------Credential provided------
[main] INFO essplAutomation - ------Login------
[main] INFO essplAutomation - ------Browser closed------
[main] INFO essplAutomation - ------Opening Browser------
[main] INFO essplAutomation - ------Opening URL------
[main] INFO essplAutomation - ------Credential provided------
[main] INFO essplAutomation - ------Login------
[main] INFO essplAutomation - ------Browser closed------
[main] INFO essplAutomation - ------Opening Browser------
[main] INFO essplAutomation - ------Opening URL------
[main] INFO essplAutomation - ------Credential provided------
[main] INFO essplAutomation - ------Login------
[main] INFO essplAutomation - ------Browser closed------
[main] INFO essplAutomation - ------Opening Browser------
[main] INFO essplAutomation - ------Opening Browser------
[main] INFO essplAutomation - ------Opening Browser------
[main] INFO essplAutomation - ------Opening Browser------
[main] INFO essplAutomation - ------Opening Browser------
[main] INFO essplAutomation - ------Opening Browser------
[main] INFO essplAutomation - ------Opening Browser------
[main] INFO essplAutomation - ------Opening Browser------
[main] INFO essplAutomation - ------Opening URL------
[main] INFO essplAutomation - ------Credential provided------
[main] INFO essplAutomation - ------Opening URL------
[main] INFO essplAutomation - ------Credential provided------
[main] INFO essplAutomation - ------Opening URL------
[main] INFO essplAutomation - ------Credential provided------
[main] INFO essplAutomation - ------Login------
[main] INFO essplAutomation - ------Browser closed------
[main] INFO essplAutomation - ------Opening URL------
[main] INFO essplAutomation - ------Credential provided------
[main] INFO essplAutomation - ------Login------
[main] INFO essplAutomation - ------Browser closed------
[main] INFO essplAutomation - ------Opening URL------
[main] INFO essplAutomation - ------Credential provided------
[main] INFO essplAutomation - ------Opening URL------
[main] INFO essplAutomation - ------Credential provided------
[main] INFO essplAutomation - ------Opening URL------
[main] INFO essplAutomation - ------Opening URL------
[main] INFO essplAutomation - ------Credential provided------
[main] INFO essplAutomation - ------Opening URL------
[main] INFO essplAutomation - ------Credential provided------
[main] INFO essplAutomation - ------Opening URL------
[main] INFO essplAutomation - ------Credential provided------
[main] INFO essplAutomation - ------Opening URL------
[main] INFO essplAutomation - ------Credential provided------
[main] INFO essplAutomation - ------Opening URL------
[main] INFO essplAutomation - ------Credential provided------
[main] INFO essplAutomation - ------Opening URL------
[main] INFO essplAutomation - ------Credential provided------
[main] INFO essplAutomation - ------Login------
[main] INFO essplAutomation - ------Browser closed------
[main] INFO essplAutomation - ------Opening URL------
[main] INFO essplAutomation - ------Credential provided------
[main] INFO essplAutomation - ------Login------
[main] INFO essplAutomation - ------Browser closed------
[main] INFO essplAutomation - ------Opening URL------
[main] INFO essplAutomation - ------Credential provided------
[main] INFO essplAutomation - ------Login------
[main] INFO essplAutomation - ------Browser closed------
[main] INFO essplAutomation - ------Opening URL------
[main] INFO essplAutomation - ------Credential provided------
[main] INFO essplAutomation - ------Login------
[main] INFO essplAutomation - ------Browser closed------
[main] INFO essplAutomation - ------Opening URL------
[main] INFO essplAutomation - ------Credential provided------
[main] INFO essplAutomation - ------Login------
[main] INFO essplAutomation - ------Browser closed------
[main] INFO essplAutomation - ------Opening URL------
[main] INFO essplAutomation - ------Credential provided------
[main] INFO essplAutomation - ------Login------
[main] INFO essplAutomation - ------Browser closed------
[main] INFO essplAutomation - ------Opening URL------
[main] INFO essplAutomation - ------Credential provided------
[main] INFO essplAutomation - ------Login------
[main] INFO essplAutomation - ------Browser closed------
[main] INFO essplAutomation - ------Opening URL------
[main] INFO essplAutomation - ------Credential provided------
[main] INFO essplAutomation - ------Login------
[main] INFO essplAutomation - ------Browser closed------
[main] INFO essplAutomation - ------Opening URL------
[main] INFO essplAutomation - ------Credential provided------
[main] INFO essplAutomation - ------Login------
[main] INFO essplAutomation - ------Browser closed------
[main] INFO essplAutomation - ------Opening URL------
[main] INFO essplAutomation - ------Credential provided------
[main] INFO essplAutomation - ------Login------
[main] INFO essplAutomation - ------Browser closed------
[main] INFO essplAutomation - ------Opening URL------
[main] INFO essplAutomation - ------Credential provided------
[main] INFO essplAutomation - ------Login------
[main] INFO essplAutomation - ------Browser closed------
[main] INFO essplAutomation - ------Opening URL------
[main] INFO essplAutomation - ------Credential provided------
[main] INFO essplAutomation - ------Login------
[main] INFO essplAutomation - ------Browser closed------
[main] INFO essplAutomation - ------Opening URL------
[main] INFO essplAutomation - ------Credential provided------
[main] INFO essplAutomation - ------Login------
[main] INFO essplAutomation - ------Browser closed------
[main] INFO essplAutomation - ------Opening URL------
[main] INFO essplAutomation - ------Credential provided------
[main] INFO essplAutomation - ------Login------
[main] INFO essplAutomation - ------Browser closed------
[main] INFO essplAutomation - ------Opening URL------
[main] INFO essplAutomation - ------Credential provided------
[main] INFO essplAutomation - ------Login------
[main] INFO essplAutomation - ------Browser closed------
[main] INFO essplAutomation - ------Opening URL------
[main] INFO essplAutomation - ------Credential provided------
[main] INFO essplAutomation - ------Login------
[main] INFO essplAutomation - ------Browser closed------
[main] INFO essplAutomation - ------Opening URL------
[main] INFO essplAutomation - ------Credential provided------
[main] INFO essplAutomation - ------Login------
[main] INFO essplAutomation - ------Browser closed------
[main] INFO essplAutomation - ------Opening URL------
[main] INFO essplAutomation - ------Credential provided------
[main] INFO essplAutomation - ------Login------
[main] INFO essplAutomation - ------Browser closed------
[main] INFO essplAutomation - ------Opening URL------
[main] INFO essplAutomation - ------Credential provided------
[main] INFO essplAutomation - ------Login------
[main] INFO essplAutomation - ------Browser closed------
[main] INFO essplAutomation - ------Opening URL------
[main] INFO essplAutomation - ------Credential provided------
[main] INFO essplAutomation - ------Opening URL------
[main] INFO essplAutomation - ------Credential provided------
[main] INFO essplAutomation - ------Opening URL------
[main] INFO essplAutomation - ------Credential provided------
[main] INFO essplAutomation - ------Opening URL------
[main] INFO essplAutomation - ------Credential provided------
[main] INFO essplAutomation - ------Login------
[main] INFO essplAutomation - ------Browser closed------
[main] INFO essplAutomation - ------Opening URL------
[main] INFO essplAutomation - ------Credential provided------
[main] INFO essplAutomation - ------Login------
[main] INFO essplAutomation - ------Browser closed------
[main] INFO essplAutomation - ------Opening URL------
[main] INFO essplAutomation - ------Credential provided------
[main] INFO essplAutomation - ------Login------
[main] INFO essplAutomation - ------Browser closed------
[main] INFO essplAutomation - ------Opening URL------
[main] INFO essplAutomation - ------Credential provided------
[main] INFO essplAutomation - ------Opening URL------
[main] INFO essplAutomation - ------Credential provided------
[main] INFO essplAutomation - ------Opening URL------
[main] INFO essplAutomation - ------Credential provided------
[main] INFO essplAutomation - ------Opening URL------
[main] INFO essplAutomation - ------Credential provided------
[main] INFO essplAutomation - ------Opening URL------
[main] INFO essplAutomation - ------Credential provided------
[main] INFO essplAutomation - ------Credential provided------
[main] INFO essplAutomation - ------Credential provided------
[main] INFO essplAutomation - ------Credential provided------
[main] INFO essplAutomation - ------Login------
[main] INFO essplAutomation - ------Credential provided------
[main] INFO essplAutomation - ------Credential provided------
[main] INFO essplAutomation - ------Credential provided------
[main] INFO essplAutomation - ------Login------
[main] INFO essplAutomation - ------Browser closed------
[main] INFO essplAutomation - ------Credential provided------
[main] INFO essplAutomation - ------Login------
[main] INFO essplAutomation - ------Browser closed------
[main] INFO essplAutomation - ------Credential provided------
[main] INFO essplAutomation - ------Login------
[main] INFO essplAutomation - ------Browser closed------
[main] INFO essplAutomation - ------Credential provided------
[main] INFO essplAutomation - ------Login------
[main] INFO essplAutomation - ------Browser closed------
[main] INFO essplAutomation - ------Credential provided------
[main] INFO essplAutomation - ------Login------
[main] INFO essplAutomation - ------Browser closed------
[main] INFO essplAutomation - ------Credential provided------
[main] INFO essplAutomation - ------Login------
[main] INFO essplAutomation - ------Browser closed------
